<?xml version="1.0" encoding="UTF-8"?>
<testng-results ignored="0" total="1" passed="1" failed="0" skipped="0">
  <reporter-output>
  </reporter-output>
  <suite started-at="2022-07-06T08:27:28 PDT" name="Default suite" finished-at="2022-07-06T08:27:33 PDT" duration-ms="4943">
    <groups>
    </groups>
    <test started-at="2022-07-06T08:27:28 PDT" name="Default test" finished-at="2022-07-06T08:27:33 PDT" duration-ms="4943">
      <class name="DemoTest">
        <test-method signature="Test01()[pri:0, instance:DemoTest@1f3f4916]" started-at="2022-07-06T08:27:28 PDT" name="Test01" finished-at="2022-07-06T08:27:33 PDT" duration-ms="4869" status="PASS">
          <reporter-output>
          </reporter-output>
        </test-method> <!-- Test01 -->
      </class> <!-- DemoTest -->
    </test> <!-- Default test -->
  </suite> <!-- Default suite -->
</testng-results>
